#
# There is insufficient memory for the Java Runtime Environment to continue.
# Native memory allocation (mmap) failed to map 134217728 bytes for Failed to commit area from 0x0000000081e00000 to 0x0000000089e00000 of length 134217728.
# Possible reasons:
#   The system is out of physical RAM or swap space
#   The process is running with CompressedOops enabled, and the Java Heap may be blocking the growth of the native heap
# Possible solutions:
#   Reduce memory load on the system
#   Increase physical memory or swap space
#   Check if swap backing store is full
#   Decrease Java heap size (-Xmx/-Xms)
#   Decrease number of Java threads
#   Decrease Java thread stack sizes (-Xss)
#   Set larger code cache with -XX:ReservedCodeCacheSize=
# This output file may be truncated or incomplete.
#
#  Out of Memory Error (./src/hotspot/os/windows/os_windows.cpp:3521), pid=11440, tid=4164
#
# JRE version:  (11.0.12+7) (build )
# Java VM: OpenJDK 64-Bit Server VM (11.0.12+7-b1504.28, mixed mode, sharing, tiered, compressed oops, g1 gc, windows-amd64)
# No core dump will be written. Minidumps are not enabled by default on client versions of Windows
#

---------------  S U M M A R Y ------------

Command Line: git4idea.http.GitAskPassApp Username for 'https://github.com': 

Host: Intel(R) Core(TM) i7-3632QM CPU @ 2.20GHz, 8 cores, 7G,  Windows 10 , 64 bit Build 17763 (10.0.17763.2300)
Time: Fri Jan  7 12:32:36 2022 RTZ 2 (ceia) elapsed time: 0.024968 seconds (0d 0h 0m 0s)

---------------  T H R E A D  ---------------

Current thread (0x0000022621752000):  JavaThread "Unknown thread" [_thread_in_vm, id=4164, stack(0x000000a0be400000,0x000000a0be500000)]

Stack: [0x000000a0be400000,0x000000a0be500000]
Native frames: (J=compiled Java code, j=interpreted, Vv=VM code, C=native code)
V  [jvm.dll+0x5ff40a]
V  [jvm.dll+0x783b65]
V  [jvm.dll+0x78517d]
V  [jvm.dll+0x785833]
V  [jvm.dll+0x249408]
V  [jvm.dll+0x5fc7f4]
V  [jvm.dll+0x5f13c5]
V  [jvm.dll+0x3076bb]
V  [jvm.dll+0x30762a]
V  [jvm.dll+0x307502]
V  [jvm.dll+0x30c466]
V  [jvm.dll+0x355543]
V  [jvm.dll+0x355c46]
V  [jvm.dll+0x355643]
V  [jvm.dll+0x2e2018]
V  [jvm.dll+0x2e31c7]
V  [jvm.dll+0x761f57]
V  [jvm.dll+0x76374c]
V  [jvm.dll+0x362ab9]
V  [jvm.dll+0x7455be]
V  [jvm.dll+0x3cb673]
V  [jvm.dll+0x3cda21]
C  [jli.dll+0x536b]
C  [ucrtbase.dll+0x2268a]
C  [KERNEL32.DLL+0x17974]
C  [ntdll.dll+0x5a2f1]


---------------  P R O C E S S  ---------------

Threads class SMR info:
_java_thread_list=0x000002261f6a6110, length=0, elements={
}

Java Threads: ( => current thread )

Other Threads:
  0x000002262176b000 GCTaskThread "GC Thread#0" [stack: 0x000000a0be500000,0x000000a0be600000] [id=14072]
  0x000002262179e800 ConcurrentGCThread "G1 Main Marker" [stack: 0x000000a0be600000,0x000000a0be700000] [id=6252]
  0x00000226217a1000 ConcurrentGCThread "G1 Conc#0" [stack: 0x000000a0be700000,0x000000a0be800000] [id=15644]

[error occurred during error reporting (printing all threads), id 0xc0000005, EXCEPTION_ACCESS_VIOLATION (0xc0000005) at pc=0x00007ffafd2327a7]

VM state:not at safepoint (not fully initialized)

VM Mutex/Monitor currently owned by a thread:  ([mutex/lock_event])
[0x0000022621750f80] Heap_lock - owner thread: 0x0000022621752000

Heap address: 0x0000000081e00000, size: 2018 MB, Compressed Oops mode: Non-zero based: 0x0000000081e00000
Narrow klass base: 0x0000000000000000, Narrow klass shift: 0

GC Heap History (0 events):
No events

Deoptimization events (0 events):
No events

Classes redefined (0 events):
No events

Internal exceptions (0 events):
No events

Events (1 events):
Event: 0.010 Loaded shared library C:\Program Files\JetBrains\PyCharm Community Edition 2021.2.2\jbr\bin\zip.dll


Dynamic libraries:
0x00007ff7b6290000 - 0x00007ff7b629a000 	C:\Program Files\JetBrains\PyCharm Community Edition 2021.2.2\jbr\bin\java.exe
0x00007ffb2fab0000 - 0x00007ffb2fc9d000 	C:\Windows\SYSTEM32\ntdll.dll
0x00007ffb0bb40000 - 0x00007ffb0bb56000 	C:\Program Files\Avast Software\Avast\aswhook.dll
0x00007ffb2cce0000 - 0x00007ffb2cd94000 	C:\Windows\System32\KERNEL32.DLL
0x00007ffb2c780000 - 0x00007ffb2ca14000 	C:\Windows\System32\KERNELBASE.dll
0x00007ffb2bee0000 - 0x00007ffb2bfda000 	C:\Windows\System32\ucrtbase.dll
0x00007ffb16620000 - 0x00007ffb16637000 	C:\Program Files\JetBrains\PyCharm Community Edition 2021.2.2\jbr\bin\VCRUNTIME140.dll
0x00007ffb19620000 - 0x00007ffb19639000 	C:\Program Files\JetBrains\PyCharm Community Edition 2021.2.2\jbr\bin\jli.dll
0x00007ffb2f480000 - 0x00007ffb2f617000 	C:\Windows\System32\USER32.dll
0x00007ffb2bcc0000 - 0x00007ffb2bce0000 	C:\Windows\System32\win32u.dll
0x00007ffb19f60000 - 0x00007ffb1a1d9000 	C:\Windows\WinSxS\amd64_microsoft.windows.common-controls_6595b64144ccf1df_6.0.17763.2366_none_de735d0053496d5d\COMCTL32.dll
0x00007ffb2cda0000 - 0x00007ffb2cdc9000 	C:\Windows\System32\GDI32.dll
0x00007ffb2efc0000 - 0x00007ffb2f05e000 	C:\Windows\System32\msvcrt.dll
0x00007ffb2cb40000 - 0x00007ffb2ccdc000 	C:\Windows\System32\gdi32full.dll
0x00007ffb2e3d0000 - 0x00007ffb2e6fd000 	C:\Windows\System32\combase.dll
0x00007ffb2ca20000 - 0x00007ffb2cac0000 	C:\Windows\System32\msvcp_win.dll
0x00007ffb2f8e0000 - 0x00007ffb2f9ff000 	C:\Windows\System32\RPCRT4.dll
0x00007ffb2bc30000 - 0x00007ffb2bcb2000 	C:\Windows\System32\bcryptPrimitives.dll
0x00007ffb2f800000 - 0x00007ffb2f82e000 	C:\Windows\System32\IMM32.DLL
0x00007ffafdba0000 - 0x00007ffafdc3d000 	C:\Program Files\JetBrains\PyCharm Community Edition 2021.2.2\jbr\bin\msvcp140.dll
0x00007ffafcf40000 - 0x00007ffafda98000 	C:\Program Files\JetBrains\PyCharm Community Edition 2021.2.2\jbr\bin\server\jvm.dll
0x00007ffb2f830000 - 0x00007ffb2f8d4000 	C:\Windows\System32\ADVAPI32.dll
0x00007ffb2e330000 - 0x00007ffb2e3ce000 	C:\Windows\System32\sechost.dll
0x00007ffb2e700000 - 0x00007ffb2e708000 	C:\Windows\System32\PSAPI.DLL
0x00007ffb1dc60000 - 0x00007ffb1dc69000 	C:\Windows\SYSTEM32\WSOCK32.dll
0x00007ffb29bd0000 - 0x00007ffb29bf4000 	C:\Windows\SYSTEM32\WINMM.dll
0x00007ffb228d0000 - 0x00007ffb228da000 	C:\Windows\SYSTEM32\VERSION.dll
0x00007ffb2f060000 - 0x00007ffb2f0cd000 	C:\Windows\System32\WS2_32.dll
0x00007ffb29ba0000 - 0x00007ffb29bcd000 	C:\Windows\SYSTEM32\WINMMBASE.dll
0x00007ffb2c730000 - 0x00007ffb2c77a000 	C:\Windows\System32\cfgmgr32.dll
0x00007ffb2ba80000 - 0x00007ffb2ba91000 	C:\Windows\System32\kernel.appcore.dll
0x00007ffb1a930000 - 0x00007ffb1a941000 	C:\Program Files\JetBrains\PyCharm Community Edition 2021.2.2\jbr\bin\verify.dll
0x00007ffb23570000 - 0x00007ffb2375d000 	C:\Windows\SYSTEM32\DBGHELP.DLL
0x00007ffb22670000 - 0x00007ffb2269a000 	C:\Windows\SYSTEM32\dbgcore.DLL
0x00007ffb19ad0000 - 0x00007ffb19af9000 	C:\Program Files\JetBrains\PyCharm Community Edition 2021.2.2\jbr\bin\java.dll
0x00007ffb21b00000 - 0x00007ffb21b0b000 	C:\Program Files\JetBrains\PyCharm Community Edition 2021.2.2\jbr\bin\jimage.dll
0x00007ffb1a840000 - 0x00007ffb1a858000 	C:\Program Files\JetBrains\PyCharm Community Edition 2021.2.2\jbr\bin\zip.dll

dbghelp: loaded successfully - version: 4.0.5 - missing functions: none
symbol engine: initialized successfully - sym options: 0x614 - pdb path: .;C:\Program Files\JetBrains\PyCharm Community Edition 2021.2.2\jbr\bin;C:\Windows\SYSTEM32;C:\Program Files\Avast Software\Avast;C:\Windows\WinSxS\amd64_microsoft.windows.common-controls_6595b64144ccf1df_6.0.17763.2366_none_de735d0053496d5d;C:\Program Files\JetBrains\PyCharm Community Edition 2021.2.2\jbr\bin\server

VM Arguments:
java_command: git4idea.http.GitAskPassApp Username for 'https://github.com': 
java_class_path (initial): C:/Program Files/JetBrains/PyCharm Community Edition 2021.2.2/plugins/git4idea/lib/git4idea-rt.jar;C:/Program Files/JetBrains/PyCharm Community Edition 2021.2.2/lib/3rd-party.jar
Launcher Type: SUN_STANDARD

[Global flags]
     intx CICompilerCount                          = 4                                         {product} {ergonomic}
     uint ConcGCThreads                            = 2                                         {product} {ergonomic}
     uint G1ConcRefinementThreads                  = 8                                         {product} {ergonomic}
   size_t G1HeapRegionSize                         = 1048576                                   {product} {ergonomic}
    uintx GCDrainStackTargetSize                   = 64                                        {product} {ergonomic}
   size_t InitialHeapSize                          = 134217728                                 {product} {ergonomic}
   size_t MarkStackSize                            = 4194304                                   {product} {ergonomic}
   size_t MaxHeapSize                              = 2116026368                                {product} {ergonomic}
   size_t MinHeapDeltaBytes                        = 1048576                                   {product} {ergonomic}
    uintx NonNMethodCodeHeapSize                   = 5836300                                {pd product} {ergonomic}
    uintx NonProfiledCodeHeapSize                  = 122910970                              {pd product} {ergonomic}
    uintx ProfiledCodeHeapSize                     = 122910970                              {pd product} {ergonomic}
    uintx ReservedCodeCacheSize                    = 251658240                              {pd product} {ergonomic}
     bool SegmentedCodeCache                       = true                                      {product} {ergonomic}
     bool UseCompressedClassPointers               = true                                 {lp64_product} {ergonomic}
     bool UseCompressedOops                        = true                                 {lp64_product} {ergonomic}
     bool UseG1GC                                  = true                                      {product} {ergonomic}
     bool UseLargePagesIndividualAllocation        = false                                  {pd product} {ergonomic}

Logging:
Log output configuration:
 #0: stdout all=warning uptime,level,tags
 #1: stderr all=off uptime,level,tags

Environment Variables:
PATH=C:\Program Files\Git\mingw64\libexec\git-core;C:\Program Files\Git\mingw64\libexec\git-core;C:\Program Files\Git\mingw64\bin;C:\Program Files\Git\usr\bin;C:\Users\Андрей\bin;C:\Windows\system32;C:\Windows;C:\Windows\System32\Wbem;C:\Windows\System32\WindowsPowerShell\v1.0;C:\Windows\System32\OpenSSH;C:\Program Files (x86)\Intel\OpenCL SDK\2.0\bin\x86;C:\Program Files (x86)\Intel\OpenCL SDK\2.0\bin\x64;C:\Program Files (x86)\Intel\OpenCL SDK\2.0\bin\x86;C:\Program Files (x86)\Intel\OpenCL SDK\2.0\bin\x64;C:\Program Files\Git\cmd;C:\Users\Андрей\AppData\Local\Programs\Python\Python310\Scripts;C:\Users\Андрей\AppData\Local\Programs\Python\Python310;C:\Users\Андрей\AppData\Local\Microsoft\WindowsApps;C:\Users\Андрей\AppData\Local\Programs\Microsoft VS Code\bin;C:\Program Files\JetBrains\PyCharm Community Edition 2020.3.3\bin;C:\Users\Андрей\AppData\Local\atom\bin;C:\Program Files\JetBrains\PyCharm Community Edition 2021.2.2\bin
USERNAME=Андрей
DISPLAY=:0.0
LC_ALL=en_US.UTF-8
OS=Windows_NT
PROCESSOR_IDENTIFIER=Intel64 Family 6 Model 58 Stepping 9, GenuineIntel



---------------  S Y S T E M  ---------------

OS: Windows 10 , 64 bit Build 17763 (10.0.17763.2300)
OS uptime: 0 days 17:57 hours

CPU:total 8 (initial active 8) (4 cores per cpu, 2 threads per core) family 6 model 58 stepping 9 microcode 0x21, cmov, cx8, fxsr, mmx, sse, sse2, sse3, ssse3, sse4.1, sse4.2, popcnt, avx, aes, clmul, erms, ht, tsc, tscinvbit, tscinv

Memory: 4k page, system-wide physical 8071M (2069M free)
TotalPageFile size 8871M (AvailPageFile size 61M)
current process WorkingSet (physical memory assigned to process): 10M, peak: 10M
current process commit charge ("private bytes"): 60M, peak: 188M

vm_info: OpenJDK 64-Bit Server VM (11.0.12+7-b1504.28) for windows-amd64 JRE (11.0.12+7-b1504.28), built on Sep  3 2021 08:39:15 by "" with MS VC++ 14.0 (VS2015)

END.
